

Microchip Technology PIC18 LITE Macro Assembler V1.38 build -256452561 
                                                                                               Wed Nov 02 18:10:28 2016

Microchip Technology Omniscient Code Generator v1.38 (Free mode) build 201607010351
     1                           	processor	18F452
     2                           	fnconf	rparam,??,?,0
     3                           	opt	pw 120
     4                           	opt	lm
     5                           	psect	cinit,global,reloc=2,class=CODE,delta=1
     6                           	psect	cstackCOMRAM,global,class=COMRAM,space=1,delta=1
     7                           	psect	text0,global,reloc=2,class=CODE,delta=1
     8                           	psect	text1,global,reloc=2,class=CODE,delta=1
     9                           	psect	text2,global,reloc=2,class=CODE,delta=1
    10                           	psect	text3,global,reloc=2,class=CODE,delta=1
    11                           	psect	text4,global,reloc=2,class=CODE,delta=1
    12                           	psect	intsave_regs,global,class=BIGRAM,space=1,delta=1
    13                           	psect	rparam,global,class=COMRAM,space=1,delta=1
    14  0000                     _ADCON1	set	4033
    15  0000                     _INTCONbits	set	4082
    16  0000                     _LATA	set	3977
    17  0000                     _LATB	set	3978
    18  0000                     _LATD	set	3980
    19  0000                     _LATE	set	3981
    20  0000                     _PORTBbits	set	3969
    21  0000                     _T0CON	set	4053
    22  0000                     _T0CONbits	set	4053
    23  0000                     _TMR0L	set	4054
    24  0000                     _TRISA	set	3986
    25  0000                     _TRISB	set	3987
    26  0000                     _TRISD	set	3989
    27  0000                     _TRISE	set	3990
    28                           
    29                           ; #config settings
    30  0000                     
    31                           	psect	cinit
    32  003EC0                     __pcinit:
    33                           	opt stack 0
    34  003EC0                     start_initialization:
    35                           	opt stack 0
    36  003EC0                     __initialization:
    37                           	opt stack 0
    38  003EC0                     end_of_initialization:
    39                           	opt stack 0
    40  003EC0                     __end_of__initialization:
    41                           	opt stack 0
    42  003EC0  0100               	movlb	0
    43  003EC2  EF8E  F01F         	goto	_main	;jump to C main() function
    44                           
    45                           	psect	cstackCOMRAM
    46  000001                     __pcstackCOMRAM:
    47                           	opt stack 0
    48  000001                     ??_main:
    49                           
    50                           ; 1 bytes @ 0x0
    51  000001                     	ds	2
    52  000003                     main@CS1:
    53                           	opt stack 0
    54                           
    55                           ; 2 bytes @ 0x2
    56  000003                     	ds	2
    57  000005                     main@CS2:
    58                           	opt stack 0
    59                           
    60                           ; 2 bytes @ 0x4
    61  000005                     	ds	2
    62  000007                     main@CS3:
    63                           	opt stack 0
    64                           
    65                           ; 2 bytes @ 0x6
    66  000007                     	ds	2
    67  000009                     main@CTOTAL:
    68                           	opt stack 0
    69                           
    70                           ; 2 bytes @ 0x8
    71  000009                     	ds	2
    72  00000B                     main@ESTADO:
    73                           	opt stack 0
    74                           
    75                           ; 1 bytes @ 0xA
    76  00000B                     	ds	1
    77  00000C                     main@BANDERA:
    78                           	opt stack 0
    79                           
    80                           ; 1 bytes @ 0xB
    81  00000C                     	ds	1
    82                           
    83 ;;
    84 ;;Main: autosize = 0, tempsize = 2, incstack = 0, save=0
    85 ;;
    86 ;; *************** function _main *****************
    87 ;; Defined at:
    88 ;;		line 72 in file "fuente.c"
    89 ;; Parameters:    Size  Location     Type
    90 ;;		None
    91 ;; Auto vars:     Size  Location     Type
    92 ;;  CTOTAL          2    8[COMRAM] unsigned int 
    93 ;;  CS3             2    6[COMRAM] unsigned int 
    94 ;;  CS2             2    4[COMRAM] unsigned int 
    95 ;;  CS1             2    2[COMRAM] unsigned int 
    96 ;;  BANDERA         1   11[COMRAM] unsigned char 
    97 ;;  ESTADO          1   10[COMRAM] unsigned char 
    98 ;; Return value:  Size  Location     Type
    99 ;;                  1    wreg      void 
   100 ;; Registers used:
   101 ;;		wreg, status,2, status,0, cstack
   102 ;; Tracked objects:
   103 ;;		On entry : 0/0
   104 ;;		On exit  : 0/0
   105 ;;		Unchanged: 0/0
   106 ;; Data sizes:     COMRAM   BANK0   BANK1   BANK2   BANK3   BANK4   BANK5
   107 ;;      Params:         0       0       0       0       0       0       0
   108 ;;      Locals:        10       0       0       0       0       0       0
   109 ;;      Temps:          2       0       0       0       0       0       0
   110 ;;      Totals:        12       0       0       0       0       0       0
   111 ;;Total ram usage:       12 bytes
   112 ;; Hardware stack levels required when called:    1
   113 ;; This function calls:
   114 ;;		_BORRAR_BASURA
   115 ;;		_CONF_PUERTOS
   116 ;;		_CONF_TIMER0
   117 ;;		_PULSO_10u
   118 ;; This function is called by:
   119 ;;		Startup code after reset
   120 ;; This function uses a non-reentrant model
   121 ;;
   122                           
   123                           	psect	text0
   124  003F1C                     __ptext0:
   125                           	opt stack 0
   126  003F1C                     _main:
   127                           	opt stack 0
   128  003F1C  FFFF               	dw	65535	; assembler added errata NOP
   129                           
   130                           ;fuente.c: 74: unsigned int CS1,CS2,CS3,CTOTAL;
   131                           ;fuente.c: 75: unsigned char BANDERA,ESTADO;
   132                           ;fuente.c: 76: CONF_PUERTOS();
   133                           
   134                           ;incstack = 0
   135  003F1E  EC81  F01F         	call	_CONF_PUERTOS	;wreg free
   136                           
   137                           ;fuente.c: 77: BORRAR_BASURA();
   138  003F22  EC75  F01F         	call	_BORRAR_BASURA	;wreg free
   139                           
   140                           ;fuente.c: 78: CONF_TIMER0();
   141  003F26  EC63  F01F         	call	_CONF_TIMER0	;wreg free
   142  003F2A                     l679:
   143  003F2A  FFFF               	dw	65535	; assembler added errata NOP
   144                           
   145                           ;fuente.c: 81: {
   146                           ;fuente.c: 82: CS1 = 0;
   147  003F2C  0E00               	movlw	0
   148  003F2E  6E04               	movwf	main@CS1+1,c
   149  003F30  0E00               	movlw	0
   150  003F32  6E03               	movwf	main@CS1,c
   151                           
   152                           ;fuente.c: 83: CS2 = 0;
   153  003F34  0E00               	movlw	0
   154  003F36  6E06               	movwf	main@CS2+1,c
   155  003F38  0E00               	movlw	0
   156  003F3A  6E05               	movwf	main@CS2,c
   157                           
   158                           ;fuente.c: 84: CS3 = 0;
   159  003F3C  0E00               	movlw	0
   160  003F3E  6E08               	movwf	main@CS3+1,c
   161  003F40  0E00               	movlw	0
   162  003F42  6E07               	movwf	main@CS3,c
   163                           
   164                           ;fuente.c: 85: CTOTAL = 0;
   165  003F44  0E00               	movlw	0
   166  003F46  6E0A               	movwf	main@CTOTAL+1,c
   167  003F48  0E00               	movlw	0
   168  003F4A  6E09               	movwf	main@CTOTAL,c
   169                           
   170                           ;fuente.c: 86: ESTADO = 0;
   171  003F4C  0E00               	movlw	0
   172  003F4E  6E0B               	movwf	main@ESTADO,c
   173                           
   174                           ;fuente.c: 87: BANDERA = 0;
   175  003F50  0E00               	movlw	0
   176  003F52  6E0C               	movwf	main@BANDERA,c
   177                           
   178                           ;fuente.c: 89: PULSO_10u();
   179  003F54  EC6A  F01F         	call	_PULSO_10u	;wreg free
   180                           
   181                           ;fuente.c: 92: while(BANDERA == 0)
   182  003F58  D01B               	goto	l693
   183  003F5A                     l691:
   184  003F5A  FFFF               	dw	65535	; assembler added errata NOP
   185                           
   186                           ;fuente.c: 93: {
   187                           ;fuente.c: 94: BANDERA = PORTBbits.RB2 & PORTBbits.RB1 & PORTBbits.RB0;
   188  003F5C  A081               	btfss	3969,0,c	;volatile
   189  003F5E  D003               	goto	u10
   190  003F60  6A01               	clrf	??_main& (0+255),c
   191  003F62  2A01               	incf	??_main& (0+255),f,c
   192  003F64  D002               	goto	u18
   193  003F66                     u10:
   194  003F66  FFFF               	dw	65535	; assembler added errata NOP
   195  003F68  6A01               	clrf	??_main& (0+255),c
   196  003F6A                     u18:
   197  003F6A  FFFF               	dw	65535	; assembler added errata NOP
   198  003F6C  A281               	btfss	3969,1,c	;volatile
   199  003F6E  D003               	goto	u20
   200  003F70  6A02               	clrf	(??_main+1)& (0+255),c
   201  003F72  2A02               	incf	(??_main+1)& (0+255),f,c
   202  003F74  D002               	goto	u28
   203  003F76                     u20:
   204  003F76  FFFF               	dw	65535	; assembler added errata NOP
   205  003F78  6A02               	clrf	(??_main+1)& (0+255),c
   206  003F7A                     u28:
   207  003F7A  FFFF               	dw	65535	; assembler added errata NOP
   208  003F7C  A481               	btfss	3969,2,c	;volatile
   209  003F7E  D002               	goto	u30
   210  003F80  0E01               	movlw	1
   211  003F82  D002               	goto	u36
   212  003F84                     u30:
   213  003F84  FFFF               	dw	65535	; assembler added errata NOP
   214  003F86  0E00               	movlw	0
   215  003F88                     u36:
   216  003F88  FFFF               	dw	65535	; assembler added errata NOP
   217  003F8A  1402               	andwf	??_main+1,w,c
   218  003F8C  1401               	andwf	??_main,w,c
   219  003F8E  6E0C               	movwf	main@BANDERA,c
   220  003F90                     l693:
   221  003F90  FFFF               	dw	65535	; assembler added errata NOP
   222  003F92  500C               	movf	main@BANDERA,w,c
   223  003F94  B4D8               	btfsc	status,2,c
   224  003F96  D7E1               	goto	l691
   225                           
   226                           ;fuente.c: 95: }
   227                           ;fuente.c: 97: BANDERA = 1;
   228  003F98  0E01               	movlw	1
   229  003F9A  6E0C               	movwf	main@BANDERA,c
   230                           
   231                           ;fuente.c: 100: T0CONbits.TMR0ON = 1;
   232  003F9C  8ED5               	bsf	4053,7,c	;volatile
   233                           
   234                           ;fuente.c: 102: while(CTOTAL <3001)
   235  003F9E  D01A               	goto	l45
   236  003FA0                     l46:
   237  003FA0  FFFF               	dw	65535	; assembler added errata NOP
   238                           
   239                           ;fuente.c: 103: {
   240                           ;fuente.c: 104: if(INTCONbits.TMR0IF)
   241  003FA2  A4F2               	btfss	intcon,2,c	;volatile
   242  003FA4  D017               	goto	l45
   243                           
   244                           ;fuente.c: 105: {
   245                           ;fuente.c: 106: INTCONbits.TMR0IF = 0;
   246  003FA6  94F2               	bcf	intcon,2,c	;volatile
   247                           
   248                           ;fuente.c: 107: TMR0L = 226;
   249  003FA8  0EE2               	movlw	226
   250  003FAA  6ED6               	movwf	4054,c	;volatile
   251                           
   252                           ;fuente.c: 116: if(BANDERA)
   253  003FAC  500C               	movf	main@BANDERA,w,c
   254  003FAE  B4D8               	btfsc	status,2,c
   255  003FB0  D011               	goto	l45
   256                           
   257                           ;fuente.c: 117: {
   258                           ;fuente.c: 118: if(~PORTBbits.RB2){ESTADO = 1;BANDERA = 0;}
   259  003FB2  5081               	movf	3969,w,c	;volatile
   260  003FB4  0E01               	movlw	1
   261  003FB6  6E0B               	movwf	main@ESTADO,c
   262  003FB8  0E00               	movlw	0
   263  003FBA  6E0C               	movwf	main@BANDERA,c
   264                           
   265                           ;fuente.c: 119: if(~PORTBbits.RB1){ESTADO = 2;BANDERA = 0;}
   266  003FBC  5081               	movf	3969,w,c	;volatile
   267  003FBE  0E02               	movlw	2
   268  003FC0  6E0B               	movwf	main@ESTADO,c
   269  003FC2  0E00               	movlw	0
   270  003FC4  6E0C               	movwf	main@BANDERA,c
   271                           
   272                           ;fuente.c: 120: if(~PORTBbits.RB0){ESTADO = 3;BANDERA = 0;}
   273  003FC6  5081               	movf	3969,w,c	;volatile
   274  003FC8  0E03               	movlw	3
   275  003FCA  6E0B               	movwf	main@ESTADO,c
   276  003FCC  0E00               	movlw	0
   277  003FCE  6E0C               	movwf	main@BANDERA,c
   278                           
   279                           ;fuente.c: 121: CTOTAL++;
   280  003FD0  4A09               	infsnz	main@CTOTAL,f,c
   281  003FD2  2A0A               	incf	main@CTOTAL+1,f,c
   282  003FD4                     l45:
   283  003FD4  FFFF               	dw	65535	; assembler added errata NOP
   284  003FD6  0EB9               	movlw	185
   285  003FD8  5C09               	subwf	main@CTOTAL,w,c
   286  003FDA  0E0B               	movlw	11
   287  003FDC  580A               	subwfb	main@CTOTAL+1,w,c
   288  003FDE  A0D8               	btfss	status,0,c
   289  003FE0  D7DF               	goto	l46
   290                           
   291                           ;fuente.c: 122: }
   292                           ;fuente.c: 123: }
   293                           ;fuente.c: 124: }
   294                           ;fuente.c: 126: LATD = ESTADO;
   295  003FE2  C00B  FF8C         	movff	main@ESTADO,3980	;volatile
   296                           
   297                           ;fuente.c: 128: T0CONbits.TMR0ON = 1;
   298  003FE6  8ED5               	bsf	4053,7,c	;volatile
   299                           
   300                           ;fuente.c: 129: INTCONbits.TMR0IF = 0;
   301  003FE8  94F2               	bcf	intcon,2,c	;volatile
   302                           
   303                           ;fuente.c: 130: TMR0L = 226;
   304  003FEA  0EE2               	movlw	226
   305  003FEC  6ED6               	movwf	4054,c	;volatile
   306                           
   307                           ;fuente.c: 132: _delay((unsigned long)((12)*(16000000/4000.0)));
   308  003FEE  0E2F               	movlw	47
   309  003FF0  6E01               	movwf	??_main& (0+255),c
   310  003FF2  0EC8               	movlw	200
   311  003FF4                     u87:
   312  003FF4  FFFF               	dw	65535	; errata NOP
   313  003FF6  2EE8               	decfsz	wreg,f,c
   314  003FF8  D7FD               	goto	u87
   315  003FFA  2E01               	decfsz	??_main& (0+255),f,c
   316  003FFC  D7FB               	goto	u87
   317  003FFE  D795               	goto	l679
   318  004000                     __end_of_main:
   319                           	opt stack 0
   320                           intcon	equ	0xFF2
   321                           wreg	equ	0xFE8
   322                           status	equ	0xFD8
   323                           
   324 ;; *************** function _PULSO_10u *****************
   325 ;; Defined at:
   326 ;;		line 162 in file "fuente.c"
   327 ;; Parameters:    Size  Location     Type
   328 ;;		None
   329 ;; Auto vars:     Size  Location     Type
   330 ;;		None
   331 ;; Return value:  Size  Location     Type
   332 ;;                  1    wreg      void 
   333 ;; Registers used:
   334 ;;		wreg, status,2
   335 ;; Tracked objects:
   336 ;;		On entry : 0/0
   337 ;;		On exit  : 0/0
   338 ;;		Unchanged: 0/0
   339 ;; Data sizes:     COMRAM   BANK0   BANK1   BANK2   BANK3   BANK4   BANK5
   340 ;;      Params:         0       0       0       0       0       0       0
   341 ;;      Locals:         0       0       0       0       0       0       0
   342 ;;      Temps:          0       0       0       0       0       0       0
   343 ;;      Totals:         0       0       0       0       0       0       0
   344 ;;Total ram usage:        0 bytes
   345 ;; Hardware stack levels used:    1
   346 ;; This function calls:
   347 ;;		Nothing
   348 ;; This function is called by:
   349 ;;		_main
   350 ;; This function uses a non-reentrant model
   351 ;;
   352                           
   353                           	psect	text1
   354  003ED4                     __ptext1:
   355                           	opt stack 0
   356  003ED4                     _PULSO_10u:
   357                           	opt stack 0
   358  003ED4  FFFF               	dw	65535	; assembler added errata NOP
   359                           
   360                           ;fuente.c: 164: LATE = 7;
   361                           
   362                           ;incstack = 0
   363  003ED6  0E07               	movlw	7
   364  003ED8  6E8D               	movwf	3981,c	;volatile
   365                           
   366                           ;fuente.c: 165: _delay((unsigned long)((10)*(16000000/4000000.0)));
   367  003EDA  0E0A               	movlw	10
   368  003EDC                     u97:
   369  003EDC  FFFF               	dw	65535	; errata NOP
   370  003EDE  2EE8               	decfsz	wreg,f,c
   371  003EE0  D7FD               	goto	u97
   372                           
   373                           ;fuente.c: 166: LATE = 0;
   374  003EE2  0E00               	movlw	0
   375  003EE4  6E8D               	movwf	3981,c	;volatile
   376  003EE6  0012               	return		;funcret
   377  003EE8  FFFF               	dw	65535	; errata NOP
   378  003EEA                     __end_of_PULSO_10u:
   379                           	opt stack 0
   380                           intcon	equ	0xFF2
   381                           wreg	equ	0xFE8
   382                           status	equ	0xFD8
   383                           
   384 ;; *************** function _CONF_TIMER0 *****************
   385 ;; Defined at:
   386 ;;		line 154 in file "fuente.c"
   387 ;; Parameters:    Size  Location     Type
   388 ;;		None
   389 ;; Auto vars:     Size  Location     Type
   390 ;;		None
   391 ;; Return value:  Size  Location     Type
   392 ;;                  1    wreg      void 
   393 ;; Registers used:
   394 ;;		wreg, status,2
   395 ;; Tracked objects:
   396 ;;		On entry : 0/0
   397 ;;		On exit  : 0/0
   398 ;;		Unchanged: 0/0
   399 ;; Data sizes:     COMRAM   BANK0   BANK1   BANK2   BANK3   BANK4   BANK5
   400 ;;      Params:         0       0       0       0       0       0       0
   401 ;;      Locals:         0       0       0       0       0       0       0
   402 ;;      Temps:          0       0       0       0       0       0       0
   403 ;;      Totals:         0       0       0       0       0       0       0
   404 ;;Total ram usage:        0 bytes
   405 ;; Hardware stack levels used:    1
   406 ;; This function calls:
   407 ;;		Nothing
   408 ;; This function is called by:
   409 ;;		_main
   410 ;; This function uses a non-reentrant model
   411 ;;
   412                           
   413                           	psect	text2
   414  003EC6                     __ptext2:
   415                           	opt stack 0
   416  003EC6                     _CONF_TIMER0:
   417                           	opt stack 0
   418  003EC6  FFFF               	dw	65535	; assembler added errata NOP
   419                           
   420                           ;fuente.c: 158: T0CON = 0b01001000;
   421                           
   422                           ;incstack = 0
   423  003EC8  0E48               	movlw	72
   424  003ECA  6ED5               	movwf	4053,c	;volatile
   425                           
   426                           ;fuente.c: 159: TMR0L = 226;
   427  003ECC  0EE2               	movlw	226
   428  003ECE  6ED6               	movwf	4054,c	;volatile
   429  003ED0  0012               	return		;funcret
   430  003ED2  FFFF               	dw	65535	; errata NOP
   431  003ED4                     __end_of_CONF_TIMER0:
   432                           	opt stack 0
   433                           intcon	equ	0xFF2
   434                           wreg	equ	0xFE8
   435                           status	equ	0xFD8
   436                           
   437 ;; *************** function _CONF_PUERTOS *****************
   438 ;; Defined at:
   439 ;;		line 136 in file "fuente.c"
   440 ;; Parameters:    Size  Location     Type
   441 ;;		None
   442 ;; Auto vars:     Size  Location     Type
   443 ;;		None
   444 ;; Return value:  Size  Location     Type
   445 ;;                  1    wreg      void 
   446 ;; Registers used:
   447 ;;		wreg, status,2
   448 ;; Tracked objects:
   449 ;;		On entry : 0/0
   450 ;;		On exit  : 0/0
   451 ;;		Unchanged: 0/0
   452 ;; Data sizes:     COMRAM   BANK0   BANK1   BANK2   BANK3   BANK4   BANK5
   453 ;;      Params:         0       0       0       0       0       0       0
   454 ;;      Locals:         0       0       0       0       0       0       0
   455 ;;      Temps:          0       0       0       0       0       0       0
   456 ;;      Totals:         0       0       0       0       0       0       0
   457 ;;Total ram usage:        0 bytes
   458 ;; Hardware stack levels used:    1
   459 ;; This function calls:
   460 ;;		Nothing
   461 ;; This function is called by:
   462 ;;		_main
   463 ;; This function uses a non-reentrant model
   464 ;;
   465                           
   466                           	psect	text3
   467  003F02                     __ptext3:
   468                           	opt stack 0
   469  003F02                     _CONF_PUERTOS:
   470                           	opt stack 0
   471  003F02  FFFF               	dw	65535	; assembler added errata NOP
   472                           
   473                           ;fuente.c: 139: TRISA = 0b00000111;
   474                           
   475                           ;incstack = 0
   476  003F04  0E07               	movlw	7
   477  003F06  6E92               	movwf	3986,c	;volatile
   478                           
   479                           ;fuente.c: 140: TRISB = 0b00000111;
   480  003F08  0E07               	movlw	7
   481  003F0A  6E93               	movwf	3987,c	;volatile
   482                           
   483                           ;fuente.c: 141: TRISD = 0b00000000;
   484  003F0C  0E00               	movlw	0
   485  003F0E  6E95               	movwf	3989,c	;volatile
   486                           
   487                           ;fuente.c: 142: TRISE = 0b00000000;
   488  003F10  0E00               	movlw	0
   489  003F12  6E96               	movwf	3990,c	;volatile
   490                           
   491                           ;fuente.c: 143: ADCON1 = 0b00000110;
   492  003F14  0E06               	movlw	6
   493  003F16  6EC1               	movwf	4033,c	;volatile
   494  003F18  0012               	return		;funcret
   495  003F1A  FFFF               	dw	65535	; errata NOP
   496  003F1C                     __end_of_CONF_PUERTOS:
   497                           	opt stack 0
   498                           intcon	equ	0xFF2
   499                           wreg	equ	0xFE8
   500                           status	equ	0xFD8
   501                           
   502 ;; *************** function _BORRAR_BASURA *****************
   503 ;; Defined at:
   504 ;;		line 146 in file "fuente.c"
   505 ;; Parameters:    Size  Location     Type
   506 ;;		None
   507 ;; Auto vars:     Size  Location     Type
   508 ;;		None
   509 ;; Return value:  Size  Location     Type
   510 ;;                  1    wreg      void 
   511 ;; Registers used:
   512 ;;		wreg, status,2
   513 ;; Tracked objects:
   514 ;;		On entry : 0/0
   515 ;;		On exit  : 0/0
   516 ;;		Unchanged: 0/0
   517 ;; Data sizes:     COMRAM   BANK0   BANK1   BANK2   BANK3   BANK4   BANK5
   518 ;;      Params:         0       0       0       0       0       0       0
   519 ;;      Locals:         0       0       0       0       0       0       0
   520 ;;      Temps:          0       0       0       0       0       0       0
   521 ;;      Totals:         0       0       0       0       0       0       0
   522 ;;Total ram usage:        0 bytes
   523 ;; Hardware stack levels used:    1
   524 ;; This function calls:
   525 ;;		Nothing
   526 ;; This function is called by:
   527 ;;		_main
   528 ;; This function uses a non-reentrant model
   529 ;;
   530                           
   531                           	psect	text4
   532  003EEA                     __ptext4:
   533                           	opt stack 0
   534  003EEA                     _BORRAR_BASURA:
   535                           	opt stack 0
   536  003EEA  FFFF               	dw	65535	; assembler added errata NOP
   537                           
   538                           ;fuente.c: 148: LATA = 0;
   539                           
   540                           ;incstack = 0
   541  003EEC  0E00               	movlw	0
   542  003EEE  6E89               	movwf	3977,c	;volatile
   543                           
   544                           ;fuente.c: 149: LATB = 0;
   545  003EF0  0E00               	movlw	0
   546  003EF2  6E8A               	movwf	3978,c	;volatile
   547                           
   548                           ;fuente.c: 150: LATD = 0;
   549  003EF4  0E00               	movlw	0
   550  003EF6  6E8C               	movwf	3980,c	;volatile
   551                           
   552                           ;fuente.c: 151: LATE = 0;
   553  003EF8  0E00               	movlw	0
   554  003EFA  6E8D               	movwf	3981,c	;volatile
   555  003EFC  0012               	return		;funcret
   556  003EFE  FFFF               	dw	65535	; errata NOP
   557  003F00                     __end_of_BORRAR_BASURA:
   558                           	opt stack 0
   559  003F00  FFFF               	dw	65535	; assembler added errata NOP
   560                           intcon	equ	0xFF2
   561                           wreg	equ	0xFE8
   562                           status	equ	0xFD8
   563                           intcon	equ	0xFF2
   564                           wreg	equ	0xFE8
   565                           status	equ	0xFD8
   566                           
   567                           	psect	rparam
   568  0000                     intcon	equ	0xFF2
   569                           wreg	equ	0xFE8
   570                           status	equ	0xFD8


Data Sizes:
    Strings     0
    Constant    0
    Data        0
    BSS         0
    Persistent  0
    Stack       0

Auto Spaces:
    Space          Size  Autos    Used
    COMRAM          127     12      12
    BANK0           128      0       0
    BANK1           256      0       0
    BANK2           256      0       0
    BANK3           256      0       0
    BANK4           256      0       0
    BANK5           256      0       0

Pointer List with Targets:

    None.

Critical Paths under _main in COMRAM

    None.

Critical Paths under _main in BANK0

    None.

Critical Paths under _main in BANK1

    None.

Critical Paths under _main in BANK2

    None.

Critical Paths under _main in BANK3

    None.

Critical Paths under _main in BANK4

    None.

Critical Paths under _main in BANK5

    None.

Call Graph Tables:

 ---------------------------------------------------------------------------------
 (Depth) Function   	        Calls       Base Space   Used Autos Params    Refs
 ---------------------------------------------------------------------------------
 (0) _main                                                12    12      0      60
                                              0 COMRAM    12    12      0
                      _BORRAR_BASURA
                       _CONF_PUERTOS
                        _CONF_TIMER0
                          _PULSO_10u
 ---------------------------------------------------------------------------------
 (1) _PULSO_10u                                            0     0      0       0
 ---------------------------------------------------------------------------------
 (1) _CONF_TIMER0                                          0     0      0       0
 ---------------------------------------------------------------------------------
 (1) _CONF_PUERTOS                                         0     0      0       0
 ---------------------------------------------------------------------------------
 (1) _BORRAR_BASURA                                        0     0      0       0
 ---------------------------------------------------------------------------------
 Estimated maximum stack depth 1
 ---------------------------------------------------------------------------------

 Call Graph Graphs:

 _main (ROOT)
   _BORRAR_BASURA
   _CONF_PUERTOS
   _CONF_TIMER0
   _PULSO_10u

 Address spaces:
Name               Size   Autos  Total    Cost      Usage
BITCOMRAM           7F      0       0       0        0.0%
EEDATA             100      0       0       0        0.0%
NULL                 0      0       0       0        0.0%
CODE                 0      0       0       0        0.0%
COMRAM              7F      C       C       1        9.4%
STACK                0      0       0       2        0.0%
DATA                 0      0       0       3        0.0%
BITBANK0            80      0       0       4        0.0%
BANK0               80      0       0       5        0.0%
BITBANK1           100      0       0       6        0.0%
BANK1              100      0       0       7        0.0%
BITBANK2           100      0       0       8        0.0%
BANK2              100      0       0       9        0.0%
BITBANK3           100      0       0      10        0.0%
BANK3              100      0       0      11        0.0%
BITBANK4           100      0       0      12        0.0%
BANK4              100      0       0      13        0.0%
BANK5              100      0       0      14        0.0%
ABS                  0      0       0      15        0.0%
BITBANK5           100      0       0      16        0.0%
BIGRAM             5FF      0       0      17        0.0%
BITSFR               0      0       0      40        0.0%
SFR                  0      0       0      40        0.0%


Microchip Technology PIC18 Macro Assembler V1.38 build -256452561 
Symbol Table                                                                                   Wed Nov 02 18:10:28 2016

                                                            l45 3FD4  
                                                            l46 3FA0  
                                                            u10 3F66  
                                                            u20 3F76  
                                                            u30 3F84  
                                                            u18 3F6A  
                                                            u36 3F88  
                                                            u28 3F7A  
                                                            u87 3FF4  
                                                            u97 3EDC  
                                                  __CFG_CP0$OFF 000000  
                                                  __CFG_CP1$OFF 000000  
                                                  __CFG_CP2$OFF 000000  
                                                  __CFG_CP3$OFF 000000  
                                                           l691 3F5A  
                                                           l693 3F90  
                                                           l679 3F2A  
                                                  __CFG_CPB$OFF 000000  
                                                  __CFG_CPD$OFF 000000  
                                                  __CFG_BOR$OFF 000000  
                                                  __CFG_BORV$20 000000  
                                                           wreg 000FE8  
                                                  __CFG_LVP$OFF 000000  
                                                  __CFG_WDT$OFF 000000  
                                                          _LATA 000F89  
                                                          _LATB 000F8A  
                                                          _LATD 000F8C  
                                                          _LATE 000F8D  
                                                  __CFG_PWRT$ON 000000  
                                                  __CFG_STVR$ON 000000  
                                                          _main 3F1C  
                                                          start 0002  
                                                  ___param_bank 000010  
                                                 __CFG_OSCS$OFF 000000  
                                                         ?_main 0001  
                                                         _T0CON 000FD5  
                                                         _TMR0L 000FD6  
                                                         _TRISA 000F92  
                                                         _TRISB 000F93  
                                                         _TRISD 000F95  
                                                         _TRISE 000F96  
                                                 __CFG_WRT0$OFF 000000  
                                                 __CFG_WRT1$OFF 000000  
                                                 __CFG_WRT2$OFF 000000  
                                                 __CFG_WRT3$OFF 000000  
                                                __CFG_EBTR0$OFF 000000  
                                                __CFG_EBTR1$OFF 000000  
                                                __CFG_EBTR2$OFF 000000  
                                                __CFG_EBTR3$OFF 000000  
                                                 __CFG_WRTB$OFF 000000  
                                                 __CFG_WRTC$OFF 000000  
                                                 __CFG_WRTD$OFF 000000  
                                                __CFG_EBTRB$OFF 000000  
                                            __size_of_PULSO_10u 0016  
                                                         status 000FD8  
                                          __end_of_CONF_PUERTOS 3F1C  
                                               __initialization 3EC0  
                                                  __end_of_main 4000  
                                                __CFG_OSC$HSPLL 000000  
                                                        ??_main 0001  
                                                 __activetblptr 000000  
                                          __size_of_CONF_TIMER0 000E  
                                               __CFG_CCP2MUX$ON 000000  
                                                        _ADCON1 000FC1  
                                                __CFG_WDTPS$128 000000  
                                             __end_of_PULSO_10u 3EEA  
                                         __end_of_BORRAR_BASURA 3F00  
                                                    __accesstop 0080  
                                       __end_of__initialization 3EC0  
                                                 ___rparam_used 000001  
                                                __pcstackCOMRAM 0001  
                                         __size_of_CONF_PUERTOS 001A  
                                                  _CONF_PUERTOS 3F02  
                                                       __Hparam 0000  
                                                       __Lparam 0000  
                                                       __pcinit 3EC0  
                                                       __ramtop 0600  
                                                       __ptext0 3F1C  
                                                       __ptext1 3ED4  
                                                       __ptext2 3EC6  
                                                       __ptext3 3F02  
                                                       __ptext4 3EEA  
                                                     _T0CONbits 000FD5  
                                                       main@CS1 0003  
                                                       main@CS2 0005  
                                                       main@CS3 0007  
                                          end_of_initialization 3EC0  
                                                 ??_CONF_TIMER0 0001  
                                                     _PORTBbits 000F81  
                                                     _PULSO_10u 3ED4  
                                                    main@CTOTAL 0009  
                                                    main@ESTADO 000B  
                                                    ?_PULSO_10u 0001  
                                           start_initialization 3EC0  
                                           __end_of_CONF_TIMER0 3ED4  
                                        __size_of_BORRAR_BASURA 0016  
                                                   _CONF_TIMER0 3EC6  
                                                   ??_PULSO_10u 0001  
                                                 _BORRAR_BASURA 3EEA  
                                                ?_BORRAR_BASURA 0001  
                                                      __Hrparam 0000  
                                                      __Lrparam 0000  
                                                 __size_of_main 00E4  
                                                    _INTCONbits 000FF2  
                                                 ?_CONF_PUERTOS 0001  
                                               ??_BORRAR_BASURA 0001  
                                                  ?_CONF_TIMER0 0001  
                                                ??_CONF_PUERTOS 0001  
                                                   main@BANDERA 000C  
