

Microchip Technology PIC18 LITE Macro Assembler V1.38 build -256452561 
                                                                                               Tue Nov 22 22:15:02 2016

Microchip Technology Omniscient Code Generator v1.38 (Free mode) build 201607010351
     1                           	processor	18F452
     2                           	fnconf	rparam,??,?,0
     3                           	opt	pw 120
     4                           	opt	lm
     5                           	psect	cinit,global,reloc=2,class=CODE,delta=1
     6                           	psect	bssCOMRAM,global,class=COMRAM,space=1,delta=1
     7                           	psect	cstackCOMRAM,global,class=COMRAM,space=1,delta=1
     8                           	psect	text0,global,reloc=2,class=CODE,delta=1
     9                           	psect	text1,global,reloc=2,class=CODE,delta=1
    10                           	psect	text2,global,reloc=2,class=CODE,delta=1
    11                           	psect	intsave_regs,global,class=BIGRAM,space=1,delta=1
    12                           	psect	rparam,global,class=COMRAM,space=1,delta=1
    13  0000                     _LATA	set	3977
    14  0000                     _LATB	set	3978
    15  0000                     _LATBbits	set	3978
    16  0000                     _LATD	set	3980
    17  0000                     _LATDbits	set	3980
    18  0000                     _LATE	set	3981
    19  0000                     _TRISA	set	3986
    20  0000                     _TRISB	set	3987
    21  0000                     _TRISD	set	3989
    22  0000                     _TRISE	set	3990
    23                           
    24                           ; #config settings
    25  0000                     
    26                           	psect	cinit
    27  003FAC                     __pcinit:
    28                           	opt stack 0
    29  003FAC                     start_initialization:
    30                           	opt stack 0
    31  003FAC                     __initialization:
    32                           	opt stack 0
    33                           
    34                           ; Clear objects allocated to COMRAM (17 bytes)
    35  003FAC  EE00  F001         	lfsr	0,__pbssCOMRAM
    36  003FB0  0E11               	movlw	17
    37  003FB2                     clear_0:
    38  003FB2  6AEE               	clrf	postinc0,c
    39  003FB4  06E8               	decf	wreg,f,c
    40  003FB6  E1FD               	bnz	clear_0
    41  003FB8                     end_of_initialization:
    42                           	opt stack 0
    43  003FB8                     __end_of__initialization:
    44                           	opt stack 0
    45  003FB8  0100               	movlb	0
    46  003FBA  EFDF  F01F         	goto	_main	;jump to C main() function
    47                           postinc0	equ	0xFEE
    48                           wreg	equ	0xFE8
    49                           
    50                           	psect	bssCOMRAM
    51  000001                     __pbssCOMRAM:
    52                           	opt stack 0
    53  000001                     _CS1:
    54                           	opt stack 0
    55  000001                     	ds	2
    56  000003                     _CS2:
    57                           	opt stack 0
    58  000003                     	ds	2
    59  000005                     _CS3:
    60                           	opt stack 0
    61  000005                     	ds	2
    62  000007                     _CTOTAL:
    63                           	opt stack 0
    64  000007                     	ds	2
    65  000009                     _P1:
    66                           	opt stack 0
    67  000009                     	ds	2
    68  00000B                     _P2:
    69                           	opt stack 0
    70  00000B                     	ds	2
    71  00000D                     _P3:
    72                           	opt stack 0
    73  00000D                     	ds	2
    74  00000F                     _BANDERA:
    75                           	opt stack 0
    76  00000F                     	ds	1
    77  000010                     _CH:
    78                           	opt stack 0
    79  000010                     	ds	1
    80  000011                     _ESTADO:
    81                           	opt stack 0
    82  000011                     	ds	1
    83                           postinc0	equ	0xFEE
    84                           wreg	equ	0xFE8
    85                           
    86                           	psect	cstackCOMRAM
    87  000000                     __pcstackCOMRAM:
    88                           	opt stack 0
    89  000000                     postinc0	equ	0xFEE
    90                           wreg	equ	0xFE8
    91                           
    92                           ; 1 bytes @ 0x0
    93 ;;
    94 ;;Main: autosize = 0, tempsize = 0, incstack = 0, save=0
    95 ;;
    96 ;; *************** function _main *****************
    97 ;; Defined at:
    98 ;;		line 69 in file "MEGA.c"
    99 ;; Parameters:    Size  Location     Type
   100 ;;		None
   101 ;; Auto vars:     Size  Location     Type
   102 ;;		None
   103 ;; Return value:  Size  Location     Type
   104 ;;                  1    wreg      void 
   105 ;; Registers used:
   106 ;;		wreg, status,2, cstack
   107 ;; Tracked objects:
   108 ;;		On entry : 0/0
   109 ;;		On exit  : 0/0
   110 ;;		Unchanged: 0/0
   111 ;; Data sizes:     COMRAM   BANK0   BANK1   BANK2   BANK3   BANK4   BANK5
   112 ;;      Params:         0       0       0       0       0       0       0
   113 ;;      Locals:         0       0       0       0       0       0       0
   114 ;;      Temps:          0       0       0       0       0       0       0
   115 ;;      Totals:         0       0       0       0       0       0       0
   116 ;;Total ram usage:        0 bytes
   117 ;; Hardware stack levels required when called:    1
   118 ;; This function calls:
   119 ;;		_BORRAR_BASURA
   120 ;;		_CONF_PUERTOS
   121 ;; This function is called by:
   122 ;;		Startup code after reset
   123 ;; This function uses a non-reentrant model
   124 ;;
   125                           
   126                           	psect	text0
   127  003FBE                     __ptext0:
   128                           	opt stack 0
   129  003FBE                     _main:
   130                           	opt stack 0
   131  003FBE  FFFF               	dw	65535	; assembler added errata NOP
   132                           
   133                           ;MEGA.c: 71: CONF_PUERTOS();
   134                           
   135                           ;incstack = 0
   136  003FC0  ECE9  F01F         	call	_CONF_PUERTOS	;wreg free
   137                           
   138                           ;MEGA.c: 72: BORRAR_BASURA();
   139  003FC4  ECF4  F01F         	call	_BORRAR_BASURA	;wreg free
   140  003FC8                     l660:
   141  003FC8  FFFF               	dw	65535	; assembler added errata NOP
   142                           
   143                           ;MEGA.c: 79: {
   144                           ;MEGA.c: 80: LATDbits.LATD6 = 1;
   145  003FCA  8C8C               	bsf	3980,6,c	;volatile
   146                           
   147                           ;MEGA.c: 81: LATDbits.LATD5 = 1;
   148  003FCC  8A8C               	bsf	3980,5,c	;volatile
   149                           
   150                           ;MEGA.c: 82: LATBbits.LATB3 = 1;
   151  003FCE  868A               	bsf	3978,3,c	;volatile
   152  003FD0  D7FB               	goto	l660
   153  003FD2                     __end_of_main:
   154                           	opt stack 0
   155                           postinc0	equ	0xFEE
   156                           wreg	equ	0xFE8
   157                           
   158 ;; *************** function _CONF_PUERTOS *****************
   159 ;; Defined at:
   160 ;;		line 85 in file "MEGA.c"
   161 ;; Parameters:    Size  Location     Type
   162 ;;		None
   163 ;; Auto vars:     Size  Location     Type
   164 ;;		None
   165 ;; Return value:  Size  Location     Type
   166 ;;                  1    wreg      void 
   167 ;; Registers used:
   168 ;;		wreg, status,2
   169 ;; Tracked objects:
   170 ;;		On entry : 0/0
   171 ;;		On exit  : 0/0
   172 ;;		Unchanged: 0/0
   173 ;; Data sizes:     COMRAM   BANK0   BANK1   BANK2   BANK3   BANK4   BANK5
   174 ;;      Params:         0       0       0       0       0       0       0
   175 ;;      Locals:         0       0       0       0       0       0       0
   176 ;;      Temps:          0       0       0       0       0       0       0
   177 ;;      Totals:         0       0       0       0       0       0       0
   178 ;;Total ram usage:        0 bytes
   179 ;; Hardware stack levels used:    1
   180 ;; This function calls:
   181 ;;		Nothing
   182 ;; This function is called by:
   183 ;;		_main
   184 ;; This function uses a non-reentrant model
   185 ;;
   186                           
   187                           	psect	text1
   188  003FD2                     __ptext1:
   189                           	opt stack 0
   190  003FD2                     _CONF_PUERTOS:
   191                           	opt stack 0
   192  003FD2  FFFF               	dw	65535	; assembler added errata NOP
   193                           
   194                           ;MEGA.c: 87: TRISB = 0b00000111;
   195                           
   196                           ;incstack = 0
   197  003FD4  0E07               	movlw	7
   198  003FD6  6E93               	movwf	3987,c	;volatile
   199                           
   200                           ;MEGA.c: 88: TRISD = 0b00000000;
   201  003FD8  0E00               	movlw	0
   202  003FDA  6E95               	movwf	3989,c	;volatile
   203                           
   204                           ;MEGA.c: 89: TRISE = 0b00000000;
   205  003FDC  0E00               	movlw	0
   206  003FDE  6E96               	movwf	3990,c	;volatile
   207                           
   208                           ;MEGA.c: 90: TRISA = 0b00000111;
   209  003FE0  0E07               	movlw	7
   210  003FE2  6E92               	movwf	3986,c	;volatile
   211  003FE4  0012               	return		;funcret
   212  003FE6  FFFF               	dw	65535	; errata NOP
   213  003FE8                     __end_of_CONF_PUERTOS:
   214                           	opt stack 0
   215                           postinc0	equ	0xFEE
   216                           wreg	equ	0xFE8
   217                           
   218 ;; *************** function _BORRAR_BASURA *****************
   219 ;; Defined at:
   220 ;;		line 94 in file "MEGA.c"
   221 ;; Parameters:    Size  Location     Type
   222 ;;		None
   223 ;; Auto vars:     Size  Location     Type
   224 ;;		None
   225 ;; Return value:  Size  Location     Type
   226 ;;                  1    wreg      void 
   227 ;; Registers used:
   228 ;;		wreg, status,2
   229 ;; Tracked objects:
   230 ;;		On entry : 0/0
   231 ;;		On exit  : 0/0
   232 ;;		Unchanged: 0/0
   233 ;; Data sizes:     COMRAM   BANK0   BANK1   BANK2   BANK3   BANK4   BANK5
   234 ;;      Params:         0       0       0       0       0       0       0
   235 ;;      Locals:         0       0       0       0       0       0       0
   236 ;;      Temps:          0       0       0       0       0       0       0
   237 ;;      Totals:         0       0       0       0       0       0       0
   238 ;;Total ram usage:        0 bytes
   239 ;; Hardware stack levels used:    1
   240 ;; This function calls:
   241 ;;		Nothing
   242 ;; This function is called by:
   243 ;;		_main
   244 ;; This function uses a non-reentrant model
   245 ;;
   246                           
   247                           	psect	text2
   248  003FE8                     __ptext2:
   249                           	opt stack 0
   250  003FE8                     _BORRAR_BASURA:
   251                           	opt stack 0
   252  003FE8  FFFF               	dw	65535	; assembler added errata NOP
   253                           
   254                           ;MEGA.c: 96: LATB = 0;
   255                           
   256                           ;incstack = 0
   257  003FEA  0E00               	movlw	0
   258  003FEC  6E8A               	movwf	3978,c	;volatile
   259                           
   260                           ;MEGA.c: 97: LATD = 0;
   261  003FEE  0E00               	movlw	0
   262  003FF0  6E8C               	movwf	3980,c	;volatile
   263                           
   264                           ;MEGA.c: 98: LATE = 0;
   265  003FF2  0E00               	movlw	0
   266  003FF4  6E8D               	movwf	3981,c	;volatile
   267                           
   268                           ;MEGA.c: 99: LATA = 0;
   269  003FF6  0E00               	movlw	0
   270  003FF8  6E89               	movwf	3977,c	;volatile
   271  003FFA  0012               	return		;funcret
   272  003FFC  FFFF               	dw	65535	; errata NOP
   273  003FFE                     __end_of_BORRAR_BASURA:
   274                           	opt stack 0
   275  003FFE  FFFF               	dw	65535	; assembler added errata NOP
   276                           postinc0	equ	0xFEE
   277                           wreg	equ	0xFE8
   278                           postinc0	equ	0xFEE
   279                           wreg	equ	0xFE8
   280                           
   281                           	psect	rparam
   282  0000                     postinc0	equ	0xFEE
   283                           wreg	equ	0xFE8


Data Sizes:
    Strings     0
    Constant    0
    Data        0
    BSS         17
    Persistent  0
    Stack       0

Auto Spaces:
    Space          Size  Autos    Used
    COMRAM          127      0      17
    BANK0           128      0       0
    BANK1           256      0       0
    BANK2           256      0       0
    BANK3           256      0       0
    BANK4           256      0       0
    BANK5           256      0       0

Pointer List with Targets:

    None.

Critical Paths under _main in COMRAM

    None.

Critical Paths under _main in BANK0

    None.

Critical Paths under _main in BANK1

    None.

Critical Paths under _main in BANK2

    None.

Critical Paths under _main in BANK3

    None.

Critical Paths under _main in BANK4

    None.

Critical Paths under _main in BANK5

    None.

Call Graph Tables:

 ---------------------------------------------------------------------------------
 (Depth) Function   	        Calls       Base Space   Used Autos Params    Refs
 ---------------------------------------------------------------------------------
 (0) _main                                                 0     0      0       0
                      _BORRAR_BASURA
                       _CONF_PUERTOS
 ---------------------------------------------------------------------------------
 (1) _CONF_PUERTOS                                         0     0      0       0
 ---------------------------------------------------------------------------------
 (1) _BORRAR_BASURA                                        0     0      0       0
 ---------------------------------------------------------------------------------
 Estimated maximum stack depth 1
 ---------------------------------------------------------------------------------

 Call Graph Graphs:

 _main (ROOT)
   _BORRAR_BASURA
   _CONF_PUERTOS

 Address spaces:
Name               Size   Autos  Total    Cost      Usage
BIGRAM             5FF      0       0      17        0.0%
EEDATA             100      0       0       0        0.0%
BITBANK5           100      0       0      16        0.0%
BANK5              100      0       0      14        0.0%
BITBANK4           100      0       0      12        0.0%
BANK4              100      0       0      13        0.0%
BITBANK3           100      0       0      10        0.0%
BANK3              100      0       0      11        0.0%
BITBANK2           100      0       0       8        0.0%
BANK2              100      0       0       9        0.0%
BITBANK1           100      0       0       6        0.0%
BANK1              100      0       0       7        0.0%
BITBANK0            80      0       0       4        0.0%
BANK0               80      0       0       5        0.0%
BITCOMRAM           7F      0       0       0        0.0%
COMRAM              7F      0      11       1       13.4%
BITSFR               0      0       0      40        0.0%
SFR                  0      0       0      40        0.0%
STACK                0      0       0       2        0.0%
NULL                 0      0       0       0        0.0%
ABS                  0      0      11      15        0.0%
DATA                 0      0      11       3        0.0%
CODE                 0      0       0       0        0.0%


Microchip Technology PIC18 Macro Assembler V1.38 build -256452561 
Symbol Table                                                                                   Tue Nov 22 22:15:02 2016

                                                             _CH 0010  
                                                             _P1 0009  
                                                             _P2 000B  
                                                             _P3 000D  
                                                   __CFG_CP0$OFF 000000  
                                                   __CFG_CP1$OFF 000000  
                                                   __CFG_CP2$OFF 000000  
                                                   __CFG_CP3$OFF 000000  
                                                            l660 3FC8  
                                                            _CS1 0001  
                                                            _CS2 0003  
                                                            _CS3 0005  
                                                   __CFG_CPB$OFF 000000  
                                                   __CFG_CPD$OFF 000000  
                                                   __CFG_BOR$OFF 000000  
                                                   __CFG_BORV$20 000000  
                                                            wreg 000FE8  
                                                   __CFG_LVP$OFF 000000  
                                                   __CFG_WDT$OFF 000000  
                                                           _LATA 000F89  
                                                           _LATB 000F8A  
                                                           _LATD 000F8C  
                                                           _LATE 000F8D  
                                                   __CFG_PWRT$ON 000000  
                                                   __CFG_STVR$ON 000000  
                                                           _main 3FBE  
                                                           start 0002  
                                                   ___param_bank 000010  
                                                  __CFG_OSCS$OFF 000000  
                                                          ?_main 0000  
                                                          _TRISA 000F92  
                                                          _TRISB 000F93  
                                                          _TRISD 000F95  
                                                          _TRISE 000F96  
                                                  __CFG_WRT0$OFF 000000  
                                                  __CFG_WRT1$OFF 000000  
                                                  __CFG_WRT2$OFF 000000  
                                                  __CFG_WRT3$OFF 000000  
                                                 __CFG_EBTR0$OFF 000000  
                                                 __CFG_EBTR1$OFF 000000  
                                                 __CFG_EBTR2$OFF 000000  
                                                 __CFG_EBTR3$OFF 000000  
                                                  __CFG_WRTB$OFF 000000  
                                                  __CFG_WRTC$OFF 000000  
                                                  __CFG_WRTD$OFF 000000  
                                                 __CFG_EBTRB$OFF 000000  
                                           __end_of_CONF_PUERTOS 3FE8  
                                                __initialization 3FAC  
                                                   __end_of_main 3FD2  
                                                 __CFG_OSC$HSPLL 000000  
                                                         ??_main 0000  
                                                  __activetblptr 000000  
                                                __CFG_CCP2MUX$ON 000000  
                                                         _CTOTAL 0007  
                                                         _ESTADO 0011  
                                                 __CFG_WDTPS$128 000000  
                                                         clear_0 3FB2  
                                          __end_of_BORRAR_BASURA 3FFE  
                                                     __accesstop 0080  
                                        __end_of__initialization 3FB8  
                                                  ___rparam_used 000001  
                                                 __pcstackCOMRAM 0000  
                                          __size_of_CONF_PUERTOS 0016  
                                                        _BANDERA 000F  
                                                   _CONF_PUERTOS 3FD2  
                                                        __Hparam 0000  
                                                        __Lparam 0000  
                                                        __pcinit 3FAC  
                                                        __ramtop 0600  
                                                        __ptext0 3FBE  
                                                        __ptext1 3FD2  
                                                        __ptext2 3FE8  
                                           end_of_initialization 3FB8  
                                                        postinc0 000FEE  
                                            start_initialization 3FAC  
                                         __size_of_BORRAR_BASURA 0016  
                                                    __pbssCOMRAM 0001  
                                                  _BORRAR_BASURA 3FE8  
                                                       _LATBbits 000F8A  
                                                       _LATDbits 000F8C  
                                                 ?_BORRAR_BASURA 0000  
                                                       __Hrparam 0000  
                                                       __Lrparam 0000  
                                                  __size_of_main 0014  
                                                  ?_CONF_PUERTOS 0000  
                                                ??_BORRAR_BASURA 0000  
                                                 ??_CONF_PUERTOS 0000  
